<?xml version="1.0" encoding="UTF-8"?>
<testng-results skipped="0" failed="0" ignored="0" total="1" passed="1">
  <reporter-output>
  </reporter-output>
  <suite name="Default suite" duration-ms="22484" started-at="2020-01-06T15:10:06Z" finished-at="2020-01-06T15:10:28Z">
    <groups>
    </groups>
    <test name="Default test" duration-ms="22484" started-at="2020-01-06T15:10:06Z" finished-at="2020-01-06T15:10:28Z">
      <class name="docker.DockerOnAWS">
        <test-method status="PASS" signature="launchDriver()[pri:0, instance:docker.DockerOnAWS@5622fdf]" name="launchDriver" is-config="true" duration-ms="14414" started-at="2020-01-06T15:10:06Z" finished-at="2020-01-06T15:10:21Z">
          <reporter-output>
          </reporter-output>
        </test-method> <!-- launchDriver -->
        <test-method status="PASS" signature="Test1()[pri:0, instance:docker.DockerOnAWS@5622fdf]" name="Test1" duration-ms="7664" started-at="2020-01-06T15:10:21Z" finished-at="2020-01-06T15:10:28Z">
          <reporter-output>
          </reporter-output>
        </test-method> <!-- Test1 -->
        <test-method status="PASS" signature="closeDriver(org.testng.ITestResult)[pri:0, instance:docker.DockerOnAWS@5622fdf]" name="closeDriver" is-config="true" duration-ms="102" started-at="2020-01-06T15:10:28Z" finished-at="2020-01-06T15:10:28Z">
          <params>
            <param index="0">
              <value>
                <![CDATA[[TestResult name=Test1 status=SUCCESS method=DockerOnAWS.Test1()[pri:0, instance:docker.DockerOnAWS@5622fdf] output={null}]]]>
              </value>
            </param>
          </params>
          <reporter-output>
          </reporter-output>
        </test-method> <!-- closeDriver -->
      </class> <!-- docker.DockerOnAWS -->
    </test> <!-- Default test -->
  </suite> <!-- Default suite -->
</testng-results>
