<?xml version="1.0" encoding="UTF-8"?>
<testng-results skipped="0" failed="0" ignored="0" total="2" passed="2">
  <reporter-output>
  </reporter-output>
  <suite name="Suite" duration-ms="168090" started-at="2019-10-05T16:53:32Z" finished-at="2019-10-05T16:56:21Z">
    <groups>
    </groups>
    <test name="Test" duration-ms="168090" started-at="2019-10-05T16:53:32Z" finished-at="2019-10-05T16:56:21Z">
      <class name="docker.SetupDockerGrid">
        <test-method status="PASS" signature="startDockerGrid()[pri:0, instance:docker.SetupDockerGrid@18be83e4]" name="startDockerGrid" is-config="true" duration-ms="45066" started-at="2019-10-05T16:53:32Z" finished-at="2019-10-05T16:54:18Z">
          <reporter-output>
          </reporter-output>
        </test-method> <!-- startDockerGrid -->
        <test-method status="PASS" signature="stopDockerGrid()[pri:0, instance:docker.SetupDockerGrid@18be83e4]" name="stopDockerGrid" is-config="true" duration-ms="10012" started-at="2019-10-05T16:56:11Z" finished-at="2019-10-05T16:56:21Z">
          <reporter-output>
          </reporter-output>
        </test-method> <!-- stopDockerGrid -->
      </class> <!-- docker.SetupDockerGrid -->
      <class name="docker.FirefoxOnGrid4">
        <test-method status="PASS" signature="test4()[pri:0, instance:docker.FirefoxOnGrid4@4b9e13df]" name="test4" duration-ms="112821" started-at="2019-10-05T16:54:18Z" finished-at="2019-10-05T16:56:10Z">
          <reporter-output>
          </reporter-output>
        </test-method> <!-- test4 -->
      </class> <!-- docker.FirefoxOnGrid4 -->
      <class name="docker.ChromeOnGrid1">
        <test-method status="PASS" signature="test1()[pri:0, instance:docker.ChromeOnGrid1@cb5822]" name="test1" duration-ms="39349" started-at="2019-10-05T16:54:18Z" finished-at="2019-10-05T16:54:57Z">
          <reporter-output>
          </reporter-output>
        </test-method> <!-- test1 -->
      </class> <!-- docker.ChromeOnGrid1 -->
    </test> <!-- Test -->
  </suite> <!-- Suite -->
</testng-results>
